<?xml version="1.0" encoding="UTF-8"?>
<testsuite xmlns:xsi="http://www.w3.org/2001/XMLSchema-instance" xsi:noNamespaceSchemaLocation="https://maven.apache.org/surefire/maven-surefire-plugin/xsd/surefire-test-report.xsd" name="com.baeldung.TestPasswordService" time="0.061" tests="2" errors="0" skipped="0" failures="0">
  <properties>
    <property name="sun.desktop" value="windows"/>
    <property name="awt.toolkit" value="sun.awt.windows.WToolkit"/>
    <property name="java.specification.version" value="11"/>
    <property name="sun.cpu.isalist" value="amd64"/>
    <property name="sun.jnu.encoding" value="Cp1252"/>
    <property name="java.class.path" value="C:\Users\elpid\Documents\GitHub\Hands-On-Full-Stack-Development-with-Spring-Boot-2-and-React-Second-Edition\Generate multi module Project Maven\parent-project\password-sha\target\test-classes;C:\Users\elpid\Documents\GitHub\Hands-On-Full-Stack-Development-with-Spring-Boot-2-and-React-Second-Edition\Generate multi module Project Maven\parent-project\password-sha\target\classes;C:\Users\elpid\Documents\GitHub\Hands-On-Full-Stack-Development-with-Spring-Boot-2-and-React-Second-Edition\Generate multi module Project Maven\parent-project\password\target\password-1.0-SNAPSHOT.jar;C:\Users\elpid\.m2\repository\commons-codec\commons-codec\1.15\commons-codec-1.15.jar;C:\Users\elpid\.m2\repository\org\springframework\spring-context\5.3.20\spring-context-5.3.20.jar;C:\Users\elpid\.m2\repository\org\springframework\spring-aop\5.3.20\spring-aop-5.3.20.jar;C:\Users\elpid\.m2\repository\org\springframework\spring-beans\5.3.20\spring-beans-5.3.20.jar;C:\Users\elpid\.m2\repository\org\springframework\spring-core\5.3.20\spring-core-5.3.20.jar;C:\Users\elpid\.m2\repository\org\springframework\spring-jcl\5.3.20\spring-jcl-5.3.20.jar;C:\Users\elpid\.m2\repository\org\springframework\spring-expression\5.3.20\spring-expression-5.3.20.jar;C:\Users\elpid\.m2\repository\org\junit\jupiter\junit-jupiter-engine\5.3.1\junit-jupiter-engine-5.3.1.jar;C:\Users\elpid\.m2\repository\org\apiguardian\apiguardian-api\1.0.0\apiguardian-api-1.0.0.jar;C:\Users\elpid\.m2\repository\org\junit\platform\junit-platform-engine\1.3.1\junit-platform-engine-1.3.1.jar;C:\Users\elpid\.m2\repository\org\junit\platform\junit-platform-commons\1.3.1\junit-platform-commons-1.3.1.jar;C:\Users\elpid\.m2\repository\org\opentest4j\opentest4j\1.1.1\opentest4j-1.1.1.jar;C:\Users\elpid\.m2\repository\org\junit\jupiter\junit-jupiter-api\5.3.1\junit-jupiter-api-5.3.1.jar;C:\Users\elpid\.m2\repository\org\junit\jupiter\junit-jupiter-params\5.3.1\junit-jupiter-params-5.3.1.jar;"/>
    <property name="java.vm.vendor" value="Oracle Corporation"/>
    <property name="sun.arch.data.model" value="64"/>
    <property name="user.variant" value=""/>
    <property name="java.vendor.url" value="https://openjdk.java.net/"/>
    <property name="user.timezone" value="Europe/Berlin"/>
    <property name="java.vm.specification.version" value="11"/>
    <property name="os.name" value="Windows 11"/>
    <property name="sun.java.launcher" value="SUN_STANDARD"/>
    <property name="user.country" value="IT"/>
    <property name="sun.boot.library.path" value="C:\Program Files\OpenJDK\openjdk-11.0.15_10\bin"/>
    <property name="sun.java.command" value="C:\Users\elpid\AppData\Local\Temp\surefire12665119387606558591\surefirebooter5170844151194002850.jar C:\Users\elpid\AppData\Local\Temp\surefire12665119387606558591 2022-07-20T19-02-09_599-jvmRun1 surefire18274362827686439168tmp surefire_011204809405978935812tmp"/>
    <property name="jdk.debug" value="release"/>
    <property name="surefire.test.class.path" value="C:\Users\elpid\Documents\GitHub\Hands-On-Full-Stack-Development-with-Spring-Boot-2-and-React-Second-Edition\Generate multi module Project Maven\parent-project\password-sha\target\test-classes;C:\Users\elpid\Documents\GitHub\Hands-On-Full-Stack-Development-with-Spring-Boot-2-and-React-Second-Edition\Generate multi module Project Maven\parent-project\password-sha\target\classes;C:\Users\elpid\Documents\GitHub\Hands-On-Full-Stack-Development-with-Spring-Boot-2-and-React-Second-Edition\Generate multi module Project Maven\parent-project\password\target\password-1.0-SNAPSHOT.jar;C:\Users\elpid\.m2\repository\commons-codec\commons-codec\1.15\commons-codec-1.15.jar;C:\Users\elpid\.m2\repository\org\springframework\spring-context\5.3.20\spring-context-5.3.20.jar;C:\Users\elpid\.m2\repository\org\springframework\spring-aop\5.3.20\spring-aop-5.3.20.jar;C:\Users\elpid\.m2\repository\org\springframework\spring-beans\5.3.20\spring-beans-5.3.20.jar;C:\Users\elpid\.m2\repository\org\springframework\spring-core\5.3.20\spring-core-5.3.20.jar;C:\Users\elpid\.m2\repository\org\springframework\spring-jcl\5.3.20\spring-jcl-5.3.20.jar;C:\Users\elpid\.m2\repository\org\springframework\spring-expression\5.3.20\spring-expression-5.3.20.jar;C:\Users\elpid\.m2\repository\org\junit\jupiter\junit-jupiter-engine\5.3.1\junit-jupiter-engine-5.3.1.jar;C:\Users\elpid\.m2\repository\org\apiguardian\apiguardian-api\1.0.0\apiguardian-api-1.0.0.jar;C:\Users\elpid\.m2\repository\org\junit\platform\junit-platform-engine\1.3.1\junit-platform-engine-1.3.1.jar;C:\Users\elpid\.m2\repository\org\junit\platform\junit-platform-commons\1.3.1\junit-platform-commons-1.3.1.jar;C:\Users\elpid\.m2\repository\org\opentest4j\opentest4j\1.1.1\opentest4j-1.1.1.jar;C:\Users\elpid\.m2\repository\org\junit\jupiter\junit-jupiter-api\5.3.1\junit-jupiter-api-5.3.1.jar;C:\Users\elpid\.m2\repository\org\junit\jupiter\junit-jupiter-params\5.3.1\junit-jupiter-params-5.3.1.jar;"/>
    <property name="sun.cpu.endian" value="little"/>
    <property name="user.home" value="C:\Users\elpid"/>
    <property name="user.language" value="it"/>
    <property name="java.specification.vendor" value="Oracle Corporation"/>
    <property name="java.version.date" value="2022-04-19"/>
    <property name="java.home" value="C:\Program Files\OpenJDK\openjdk-11.0.15_10"/>
    <property name="file.separator" value="\"/>
    <property name="basedir" value="C:\Users\elpid\Documents\GitHub\Hands-On-Full-Stack-Development-with-Spring-Boot-2-and-React-Second-Edition\Generate multi module Project Maven\parent-project\password-sha"/>
    <property name="java.vm.compressedOopsMode" value="Zero based"/>
    <property name="line.separator" value="&#10;"/>
    <property name="java.specification.name" value="Java Platform API Specification"/>
    <property name="java.vm.specification.vendor" value="Oracle Corporation"/>
    <property name="java.awt.graphicsenv" value="sun.awt.Win32GraphicsEnvironment"/>
    <property name="surefire.real.class.path" value="C:\Users\elpid\AppData\Local\Temp\surefire12665119387606558591\surefirebooter5170844151194002850.jar"/>
    <property name="user.script" value=""/>
    <property name="sun.management.compiler" value="HotSpot 64-Bit Tiered Compilers"/>
    <property name="java.runtime.version" value="11.0.15+10"/>
    <property name="user.name" value="elpid"/>
    <property name="path.separator" value=";"/>
    <property name="os.version" value="10.0"/>
    <property name="java.runtime.name" value="OpenJDK Runtime Environment"/>
    <property name="file.encoding" value="Cp1252"/>
    <property name="java.vm.name" value="OpenJDK 64-Bit Server VM"/>
    <property name="java.vendor.version" value="18.9"/>
    <property name="localRepository" value="C:\Users\elpid\.m2\repository"/>
    <property name="java.vendor.url.bug" value="https://bugreport.java.com/bugreport/"/>
    <property name="java.io.tmpdir" value="C:\Users\elpid\AppData\Local\Temp\"/>
    <property name="java.version" value="11.0.15"/>
    <property name="user.dir" value="C:\Users\elpid\Documents\GitHub\Hands-On-Full-Stack-Development-with-Spring-Boot-2-and-React-Second-Edition\Generate multi module Project Maven\parent-project\password-sha"/>
    <property name="os.arch" value="amd64"/>
    <property name="java.vm.specification.name" value="Java Virtual Machine Specification"/>
    <property name="java.awt.printerjob" value="sun.awt.windows.WPrinterJob"/>
    <property name="sun.os.patch.level" value=""/>
    <property name="java.library.path" value="C:\Program Files\OpenJDK\openjdk-11.0.15_10\bin;C:\WINDOWS\Sun\Java\bin;C:\WINDOWS\system32;C:\WINDOWS;C:\Program Files\NVIDIA GPU Computing Toolkit\CUDA\v10.1\bin;C:\Program Files\NVIDIA GPU Computing Toolkit\CUDA\v10.1\libnvvp;D:\Programmi\Scripts\;D:\Programmi\;C:\ProgramData\Oracle\Java\javapath;D:\Program Files (x86)\VMware\VMware Player\bin\;C:\Program Files\Common Files\Oracle\Java\javapath;C:\Program Files (x86)\Common Files\Oracle\Java\javapath;C:\windows\system32;C:\windows;C:\windows\System32\Wbem;C:\windows\System32\WindowsPowerShell\v1.0\;C:\windows\System32\OpenSSH\;C:\Program Files\NVIDIA Corporation\NVIDIA NvDLISR;C:\Program Files\Git\cmd;C:\Users\elpid\AppData\Roaming\Python\Python39\site-packages\flask;C:\Program Files\Microsoft SQL Server\Client SDK\ODBC\170\Tools\Binn\;C:\Program Files\Microsoft SQL Server\150\Tools\Binn\;C:\Program Files\dotnet\;D:\Nvidea driver\bin;C:\Program Files\NVIDIA Corporation\Nsight Compute 2019.1\;C:\Program Files (x86)\NVIDIA Corporation\PhysX\Common;C:\Program Files\NVIDIA GPU Computing Toolkit\CUDA\v10.1\lib;C:\Program Files\NVIDIA GPU Computing Toolkit\CUDA\v10.1\include;;C:\WINDOWS\system32;C:\WINDOWS;C:\WINDOWS\System32\Wbem;C:\WINDOWS\System32\WindowsPowerShell\v1.0\;C:\WINDOWS\System32\OpenSSH\;C:\ProgramData\chocolatey\bin;C:\Program Files\nodejs\;C:\Program Files\OpenJDK\openjdk-11.0.15_10\bin;C:\Program Files\MySQL\MySQL Shell 8.0\bin\;C:\Users\elpid\AppData\Local\Microsoft\WindowsApps;C:\Users\elpid\AppData\Local\GitHubDesktop\bin;D:\Program Files\JetBrains\PyCharm Community Edition 2021.2.2\bin;C:\Users\elpid\.dotnet\tools;C:\Users\elpid\AppData\Local\Programs\Microsoft VS Code\bin;D:\Program Files\JetBrains\IntelliJ IDEA 2021.3\bin;C:\Users\elpid\AppData\Local\atom\bin;C:\Program Files\apache-maven-3.8.4\bin;C:\Program Files\heroku\bin;C:\Users\elpid\AppData\Local\Programs\Python;C:\Users\elpid\AppData\Local\Programs\Python\Python310\Scripts\pip;C:\Users\elpid\AppData\Local\Microsoft\WindowsApps;C:\Users\elpid\Documents\GekoDriver;C:\Program Files\nodejs\;C:\Users\elpid\AppData\Local\Android\Sdk\platform-tools;C:\Users\elpid\AppData\Roaming\npm;."/>
    <property name="java.vm.info" value="mixed mode"/>
    <property name="java.vendor" value="Oracle Corporation"/>
    <property name="java.vm.version" value="11.0.15+10"/>
    <property name="sun.io.unicode.encoding" value="UnicodeLittle"/>
    <property name="java.class.version" value="55.0"/>
  </properties>
  <testcase name="testSha256hex{String, String}[1]" classname="com.baeldung.TestPasswordService" time="0.026"/>
  <testcase name="testSha256hex{String, String}[2]" classname="com.baeldung.TestPasswordService" time="0"/>
</testsuite>